<?xml version="1.0" encoding="UTF-8"?>
<!-- Generated by org.testng.reporters.JUnitReportReporter -->
<testsuite hostname="NDI-LAP-094" failures="0" tests="1" name="project.LoginPage" time="0.453" errors="0" timestamp="10 Feb 2022 16:50:40 GMT">
  <testcase classname="project.LoginPage" name="basePageNavigation" time="0.453"/>
</testsuite> <!-- project.LoginPage -->
